[debug] [2024-11-09T02:10:43.720Z] ----------------------------------------------------------------------
[debug] [2024-11-09T02:10:43.722Z] Command:       C:\Program Files\nodejs\node.exe C:\Users\USER\AppData\Roaming\npm\node_modules\firebase-tools\lib\bin\firebase.js init
[debug] [2024-11-09T02:10:43.722Z] CLI Version:   13.24.2
[debug] [2024-11-09T02:10:43.722Z] Platform:      win32
[debug] [2024-11-09T02:10:43.722Z] Node Version:  v20.11.1
[debug] [2024-11-09T02:10:43.722Z] Time:          Sat Nov 09 2024 08:10:43 GMT+0600 (Bangladesh Standard Time)
[debug] [2024-11-09T02:10:43.722Z] ----------------------------------------------------------------------
[debug] 
[debug] [2024-11-09T02:10:43.726Z] > command requires scopes: ["email","openid","https://www.googleapis.com/auth/cloudplatformprojects.readonly","https://www.googleapis.com/auth/firebase","https://www.googleapis.com/auth/cloud-platform"]
[debug] [2024-11-09T02:10:43.727Z] > authorizing via signed-in user (zadidsalman@gmail.com)
[info] 
     ######## #### ########  ######## ########     ###     ######  ########
     ##        ##  ##     ## ##       ##     ##  ##   ##  ##       ##
     ######    ##  ########  ######   ########  #########  ######  ######
     ##        ##  ##    ##  ##       ##     ## ##     ##       ## ##
     ##       #### ##     ## ######## ########  ##     ##  ######  ########

You're about to initialize a Firebase project in this directory:

  D:\BITLY\ozly

[info] 
=== Project Setup
[info] 
[info] First, let's associate this project directory with a Firebase project.
[info] You can create multiple project aliases by running firebase use --add, 
[info] but for now we'll just set up a default project.
[info] 
[info] i  If you want to create a project in a Google Cloud organization or folder, please use "firebase projects:create" instead, and return to this command when you've created the project. 
[debug] [2024-11-09T02:12:18.585Z] Checked if tokens are valid: true, expires at: 1731121764039
[debug] [2024-11-09T02:12:18.586Z] Checked if tokens are valid: true, expires at: 1731121764039
[debug] [2024-11-09T02:12:18.586Z] >>> [apiv2][query] POST https://cloudresourcemanager.googleapis.com/v1/projects [none]
[debug] [2024-11-09T02:12:18.586Z] >>> [apiv2][body] POST https://cloudresourcemanager.googleapis.com/v1/projects {"projectId":"ozlyxt","name":"ozly"}
[debug] [2024-11-09T02:12:20.485Z] <<< [apiv2][status] POST https://cloudresourcemanager.googleapis.com/v1/projects 200
[debug] [2024-11-09T02:12:20.486Z] <<< [apiv2][body] POST https://cloudresourcemanager.googleapis.com/v1/projects {"name":"operations/cp.4657903621517942882"}
[debug] [2024-11-09T02:12:20.486Z] Checked if tokens are valid: true, expires at: 1731121764039
[debug] [2024-11-09T02:12:20.486Z] Checked if tokens are valid: true, expires at: 1731121764039
[debug] [2024-11-09T02:12:20.486Z] >>> [apiv2][query] GET https://cloudresourcemanager.googleapis.com/v1/operations/cp.4657903621517942882 [none]
[debug] [2024-11-09T02:12:22.038Z] <<< [apiv2][status] GET https://cloudresourcemanager.googleapis.com/v1/operations/cp.4657903621517942882 200
[debug] [2024-11-09T02:12:22.039Z] <<< [apiv2][body] GET https://cloudresourcemanager.googleapis.com/v1/operations/cp.4657903621517942882 {"name":"operations/cp.4657903621517942882"}
[debug] [2024-11-09T02:12:22.547Z] [Project Creation Poller] Retrying task index 0
[debug] [2024-11-09T02:12:22.548Z] Checked if tokens are valid: true, expires at: 1731121764039
[debug] [2024-11-09T02:12:22.548Z] Checked if tokens are valid: true, expires at: 1731121764039
[debug] [2024-11-09T02:12:22.549Z] >>> [apiv2][query] GET https://cloudresourcemanager.googleapis.com/v1/operations/cp.4657903621517942882 [none]
[debug] [2024-11-09T02:12:23.103Z] <<< [apiv2][status] GET https://cloudresourcemanager.googleapis.com/v1/operations/cp.4657903621517942882 200
[debug] [2024-11-09T02:12:23.103Z] <<< [apiv2][body] GET https://cloudresourcemanager.googleapis.com/v1/operations/cp.4657903621517942882 {"name":"operations/cp.4657903621517942882"}
[debug] [2024-11-09T02:12:24.111Z] [Project Creation Poller] Retrying task index 0
[debug] [2024-11-09T02:12:24.111Z] Checked if tokens are valid: true, expires at: 1731121764039
[debug] [2024-11-09T02:12:24.112Z] Checked if tokens are valid: true, expires at: 1731121764039
[debug] [2024-11-09T02:12:24.112Z] >>> [apiv2][query] GET https://cloudresourcemanager.googleapis.com/v1/operations/cp.4657903621517942882 [none]
[debug] [2024-11-09T02:12:24.744Z] <<< [apiv2][status] GET https://cloudresourcemanager.googleapis.com/v1/operations/cp.4657903621517942882 200
[debug] [2024-11-09T02:12:24.744Z] <<< [apiv2][body] GET https://cloudresourcemanager.googleapis.com/v1/operations/cp.4657903621517942882 {"name":"operations/cp.4657903621517942882","metadata":{"@type":"type.googleapis.com/google.cloudresourcemanager.v1.ProjectCreationStatus","gettable":true}}
[debug] [2024-11-09T02:12:26.751Z] [Project Creation Poller] Retrying task index 0
[debug] [2024-11-09T02:12:26.752Z] Checked if tokens are valid: true, expires at: 1731121764039
[debug] [2024-11-09T02:12:26.752Z] Checked if tokens are valid: true, expires at: 1731121764039
[debug] [2024-11-09T02:12:26.752Z] >>> [apiv2][query] GET https://cloudresourcemanager.googleapis.com/v1/operations/cp.4657903621517942882 [none]
[debug] [2024-11-09T02:12:27.323Z] <<< [apiv2][status] GET https://cloudresourcemanager.googleapis.com/v1/operations/cp.4657903621517942882 200
[debug] [2024-11-09T02:12:27.323Z] <<< [apiv2][body] GET https://cloudresourcemanager.googleapis.com/v1/operations/cp.4657903621517942882 {"name":"operations/cp.4657903621517942882","metadata":{"@type":"type.googleapis.com/google.cloudresourcemanager.v1.ProjectCreationStatus","gettable":true,"ready":true},"done":true,"response":{"@type":"type.googleapis.com/google.cloudresourcemanager.v1.Project","projectNumber":"358666006698","projectId":"ozlyxt","lifecycleState":"ACTIVE","name":"ozly","createTime":"2024-11-09T02:12:25.543875Z"}}
[debug] [2024-11-09T02:12:27.324Z] Checked if tokens are valid: true, expires at: 1731121764039
[debug] [2024-11-09T02:12:27.324Z] Checked if tokens are valid: true, expires at: 1731121764039
[debug] [2024-11-09T02:12:27.324Z] >>> [apiv2][query] POST https://firebase.googleapis.com/v1beta1/projects/ozlyxt:addFirebase [none]
[debug] [2024-11-09T02:12:31.482Z] <<< [apiv2][status] POST https://firebase.googleapis.com/v1beta1/projects/ozlyxt:addFirebase 200
[debug] [2024-11-09T02:12:31.483Z] <<< [apiv2][body] POST https://firebase.googleapis.com/v1beta1/projects/ozlyxt:addFirebase {"name":"operations/workflows/NzU3MzFiZGUtODJjZS00ZDM1LWFlMzUtNDUwZGI2MWEyZTUw"}
[debug] [2024-11-09T02:12:31.483Z] Checked if tokens are valid: true, expires at: 1731121764039
[debug] [2024-11-09T02:12:31.483Z] Checked if tokens are valid: true, expires at: 1731121764039
[debug] [2024-11-09T02:12:31.483Z] >>> [apiv2][query] GET https://firebase.googleapis.com/v1beta1/operations/workflows/NzU3MzFiZGUtODJjZS00ZDM1LWFlMzUtNDUwZGI2MWEyZTUw [none]
[debug] [2024-11-09T02:12:34.013Z] <<< [apiv2][status] GET https://firebase.googleapis.com/v1beta1/operations/workflows/NzU3MzFiZGUtODJjZS00ZDM1LWFlMzUtNDUwZGI2MWEyZTUw 200
[debug] [2024-11-09T02:12:34.013Z] <<< [apiv2][body] GET https://firebase.googleapis.com/v1beta1/operations/workflows/NzU3MzFiZGUtODJjZS00ZDM1LWFlMzUtNDUwZGI2MWEyZTUw {"name":"operations/workflows/NzU3MzFiZGUtODJjZS00ZDM1LWFlMzUtNDUwZGI2MWEyZTUw"}
[debug] [2024-11-09T02:12:34.526Z] [Add Firebase Poller] Retrying task index 0
[debug] [2024-11-09T02:12:34.527Z] Checked if tokens are valid: true, expires at: 1731121764039
[debug] [2024-11-09T02:12:34.527Z] Checked if tokens are valid: true, expires at: 1731121764039
[debug] [2024-11-09T02:12:34.527Z] >>> [apiv2][query] GET https://firebase.googleapis.com/v1beta1/operations/workflows/NzU3MzFiZGUtODJjZS00ZDM1LWFlMzUtNDUwZGI2MWEyZTUw [none]
[debug] [2024-11-09T02:12:35.607Z] <<< [apiv2][status] GET https://firebase.googleapis.com/v1beta1/operations/workflows/NzU3MzFiZGUtODJjZS00ZDM1LWFlMzUtNDUwZGI2MWEyZTUw 200
[debug] [2024-11-09T02:12:35.607Z] <<< [apiv2][body] GET https://firebase.googleapis.com/v1beta1/operations/workflows/NzU3MzFiZGUtODJjZS00ZDM1LWFlMzUtNDUwZGI2MWEyZTUw {"name":"operations/workflows/NzU3MzFiZGUtODJjZS00ZDM1LWFlMzUtNDUwZGI2MWEyZTUw"}
[debug] [2024-11-09T02:12:36.611Z] [Add Firebase Poller] Retrying task index 0
[debug] [2024-11-09T02:12:36.612Z] Checked if tokens are valid: true, expires at: 1731121764039
[debug] [2024-11-09T02:12:36.612Z] Checked if tokens are valid: true, expires at: 1731121764039
[debug] [2024-11-09T02:12:36.612Z] >>> [apiv2][query] GET https://firebase.googleapis.com/v1beta1/operations/workflows/NzU3MzFiZGUtODJjZS00ZDM1LWFlMzUtNDUwZGI2MWEyZTUw [none]
[debug] [2024-11-09T02:12:37.696Z] <<< [apiv2][status] GET https://firebase.googleapis.com/v1beta1/operations/workflows/NzU3MzFiZGUtODJjZS00ZDM1LWFlMzUtNDUwZGI2MWEyZTUw 200
[debug] [2024-11-09T02:12:37.696Z] <<< [apiv2][body] GET https://firebase.googleapis.com/v1beta1/operations/workflows/NzU3MzFiZGUtODJjZS00ZDM1LWFlMzUtNDUwZGI2MWEyZTUw {"name":"operations/workflows/NzU3MzFiZGUtODJjZS00ZDM1LWFlMzUtNDUwZGI2MWEyZTUw"}
[debug] [2024-11-09T02:12:39.712Z] [Add Firebase Poller] Retrying task index 0
[debug] [2024-11-09T02:12:39.713Z] Checked if tokens are valid: true, expires at: 1731121764039
[debug] [2024-11-09T02:12:39.713Z] Checked if tokens are valid: true, expires at: 1731121764039
[debug] [2024-11-09T02:12:39.713Z] >>> [apiv2][query] GET https://firebase.googleapis.com/v1beta1/operations/workflows/NzU3MzFiZGUtODJjZS00ZDM1LWFlMzUtNDUwZGI2MWEyZTUw [none]
[debug] [2024-11-09T02:12:40.687Z] <<< [apiv2][status] GET https://firebase.googleapis.com/v1beta1/operations/workflows/NzU3MzFiZGUtODJjZS00ZDM1LWFlMzUtNDUwZGI2MWEyZTUw 200
[debug] [2024-11-09T02:12:40.687Z] <<< [apiv2][body] GET https://firebase.googleapis.com/v1beta1/operations/workflows/NzU3MzFiZGUtODJjZS00ZDM1LWFlMzUtNDUwZGI2MWEyZTUw {"name":"operations/workflows/NzU3MzFiZGUtODJjZS00ZDM1LWFlMzUtNDUwZGI2MWEyZTUw"}
[debug] [2024-11-09T02:12:44.693Z] [Add Firebase Poller] Retrying task index 0
[debug] [2024-11-09T02:12:44.694Z] Checked if tokens are valid: true, expires at: 1731121764039
[debug] [2024-11-09T02:12:44.694Z] Checked if tokens are valid: true, expires at: 1731121764039
[debug] [2024-11-09T02:12:44.694Z] >>> [apiv2][query] GET https://firebase.googleapis.com/v1beta1/operations/workflows/NzU3MzFiZGUtODJjZS00ZDM1LWFlMzUtNDUwZGI2MWEyZTUw [none]
[debug] [2024-11-09T02:12:45.674Z] <<< [apiv2][status] GET https://firebase.googleapis.com/v1beta1/operations/workflows/NzU3MzFiZGUtODJjZS00ZDM1LWFlMzUtNDUwZGI2MWEyZTUw 200
[debug] [2024-11-09T02:12:45.674Z] <<< [apiv2][body] GET https://firebase.googleapis.com/v1beta1/operations/workflows/NzU3MzFiZGUtODJjZS00ZDM1LWFlMzUtNDUwZGI2MWEyZTUw {"name":"operations/workflows/NzU3MzFiZGUtODJjZS00ZDM1LWFlMzUtNDUwZGI2MWEyZTUw","done":true,"response":{"@type":"type.googleapis.com/google.firebase.service.v1beta1.FirebaseProject","projectId":"ozlyxt","projectNumber":"358666006698","displayName":"ozly","name":"projects/ozlyxt","resources":{"hostingSite":"ozlyxt"}}}
[info] 
[info] === Your Firebase project is ready! ===
[info] 
[info] Project information:
[info]    - Project ID: ozlyxt
[info]    - Project Name: ozly
[info] 
[info] Firebase console is available at
[info] https://console.firebase.google.com/project/ozlyxt/overview
[info] i  Using project ozlyxt (ozly) 
[info] 
=== Hosting Setup
[debug] [2024-11-09T02:12:45.689Z] Checked if tokens are valid: true, expires at: 1731121764039
[debug] [2024-11-09T02:12:45.689Z] Checked if tokens are valid: true, expires at: 1731121764039
[debug] [2024-11-09T02:12:45.689Z] >>> [apiv2][query] GET https://firebase.googleapis.com/v1beta1/projects/ozlyxt [none]
[debug] [2024-11-09T02:12:46.425Z] <<< [apiv2][status] GET https://firebase.googleapis.com/v1beta1/projects/ozlyxt 200
[debug] [2024-11-09T02:12:46.426Z] <<< [apiv2][body] GET https://firebase.googleapis.com/v1beta1/projects/ozlyxt {"projectId":"ozlyxt","projectNumber":"358666006698","displayName":"ozly","name":"projects/ozlyxt","resources":{"hostingSite":"ozlyxt"},"state":"ACTIVE","etag":"1_c0de2ed1-27e0-4102-9291-3c3e3c58bea0"}
[info] 
[info] Your public directory is the folder (relative to your project directory) that
[info] will contain Hosting assets to be uploaded with firebase deploy. If you
[info] have a build process for your assets, use your build's output directory.
[info] 
[info] +  Wrote public/404.html 
[debug] [2024-11-09T02:13:25.543Z] >>> [apiv2][query] GET https://www.gstatic.com/firebasejs/releases.json [none]
[debug] [2024-11-09T02:13:25.845Z] <<< [apiv2][status] GET https://www.gstatic.com/firebasejs/releases.json 200
[debug] [2024-11-09T02:13:25.845Z] <<< [apiv2][body] GET https://www.gstatic.com/firebasejs/releases.json {"current":{"version":"11.0.1","browserURL":"https://www.gstatic.com/firebasejs/11.0.1/firebase.js","packageURL":"https://www.gstatic.com/firebasejs/11.0.1/firebase.tgz"},"live":{"version":"11.0","browserURL":"https://www.gstatic.com/firebasejs/live/11.0/firebase.js","packageURL":"https://www.gstatic.com/firebasejs/live/11.0/firebase.tgz"},"components":{"analytics":"https://www.gstatic.com/firebasejs/11.0.1/firebase-analytics.js","app":"https://www.gstatic.com/firebasejs/11.0.1/firebase-app.js","app-check":"https://www.gstatic.com/firebasejs/11.0.1/firebase-app-check.js","auth":"https://www.gstatic.com/firebasejs/11.0.1/firebase-auth.js","auth/cordova":"https://www.gstatic.com/firebasejs/11.0.1/firebase-auth/cordova.js","auth/web-extension":"https://www.gstatic.com/firebasejs/11.0.1/firebase-auth/web-extension.js","functions":"https://www.gstatic.com/firebasejs/11.0.1/firebase-functions.js","firestore":"https://www.gstatic.com/firebasejs/11.0.1/firebase-firestore.js","firestore/lite":"https://www.gstatic.com/firebasejs/11.0.1/firebase-firestore/lite.js","installations":"https://www.gstatic.com/firebasejs/11.0.1/firebase-installations.js","storage":"https://www.gstatic.com/firebasejs/11.0.1/firebase-storage.js","performance":"https://www.gstatic.com/firebasejs/11.0.1/firebase-performance.js","remote-config":"https://www.gstatic.com/firebasejs/11.0.1/firebase-remote-config.js","messaging":"https://www.gstatic.com/firebasejs/11.0.1/firebase-messaging.js","messaging/sw":"https://www.gstatic.com/firebasejs/11.0.1/firebase-messaging/sw.js","database":"https://www.gstatic.com/firebasejs/11.0.1/firebase-database.js","vertexai":"https://www.gstatic.com/firebasejs/11.0.1/firebase-vertexai.js","data-connect":"https://www.gstatic.com/firebasejs/11.0.1/firebase-data-connect.js","firestore.memory":"https://www.gstatic.com/firebasejs/11.0.1/firebase-firestore.memory.js"}}
[info] +  Wrote public/index.html 
[info] 
[info] i  Detected a .git folder at D:\BITLY\ozly 
[info] i  Authorizing with GitHub to upload your service account to a GitHub repository's secrets store. 
[info] 
[info] Visit this URL on this device to log in:
[info] https://github.com/login/oauth/authorize?client_id=89cf50f02ac6aaed3484&state=971180929&redirect_uri=http%3A%2F%2Flocalhost%3A9005&scope=read%3Auser%20repo%20public_repo
[info] 
[info] Waiting for authentication...
[debug] [2024-11-09T02:13:34.757Z] >>> [apiv2][query] POST https://github.com/login/oauth/access_token [none]
[debug] [2024-11-09T02:13:34.757Z] >>> [apiv2][body] POST https://github.com/login/oauth/access_token [stream]
[debug] [2024-11-09T02:13:35.305Z] <<< [apiv2][status] POST https://github.com/login/oauth/access_token 200
[debug] [2024-11-09T02:13:35.305Z] <<< [apiv2][body] POST https://github.com/login/oauth/access_token {"access_token":"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","token_type":"bearer","scope":"read:user,repo"}
[debug] [2024-11-09T02:13:35.308Z] >>> [apiv2][query] GET https://api.github.com/user [none]
[debug] [2024-11-09T02:13:35.926Z] <<< [apiv2][status] GET https://api.github.com/user 200
[debug] [2024-11-09T02:13:35.927Z] <<< [apiv2][body] GET https://api.github.com/user {"login":"Xantonozar","id":87942063,"node_id":"MDQ6VXNlcjg3OTQyMDYz","avatar_url":"https://avatars.githubusercontent.com/u/87942063?v=4","gravatar_id":"","url":"https://api.github.com/users/Xantonozar","html_url":"https://github.com/Xantonozar","followers_url":"https://api.github.com/users/Xantonozar/followers","following_url":"https://api.github.com/users/Xantonozar/following{/other_user}","gists_url":"https://api.github.com/users/Xantonozar/gists{/gist_id}","starred_url":"https://api.github.com/users/Xantonozar/starred{/owner}{/repo}","subscriptions_url":"https://api.github.com/users/Xantonozar/subscriptions","organizations_url":"https://api.github.com/users/Xantonozar/orgs","repos_url":"https://api.github.com/users/Xantonozar/repos","events_url":"https://api.github.com/users/Xantonozar/events{/privacy}","received_events_url":"https://api.github.com/users/Xantonozar/received_events","type":"User","user_view_type":"private","site_admin":false,"name":"Ozar","company":null,"blog":"","location":"Bangladesh ","email":null,"hireable":null,"bio":"MERN Stack Developer with a passion for building dynamic web applicationsand loves to explore new challanges. Occasionally dabble in C and C++ for fun. ","twitter_username":null,"notification_email":null,"public_repos":6,"public_gists":0,"followers":1,"following":0,"created_at":"2021-07-25T15:44:27Z","updated_at":"2024-11-09T02:13:33Z","private_gists":0,"total_private_repos":5,"owned_private_repos":5,"disk_usage":3730,"collaborators":0,"two_factor_authentication":false,"plan":{"name":"free","space":976562499,"collaborators":0,"private_repos":10000}}
[info] 
[info] +  Success! Logged into GitHub as Xantonozar 
[info] 
[debug] [2024-11-09T02:17:31.397Z] >>> [apiv2][query] GET https://api.github.com/repos/https://github.com/Xantonozar/ozly.git/actions/secrets/public-key type=owner
[debug] [2024-11-09T02:17:31.913Z] <<< [apiv2][status] GET https://api.github.com/repos/https://github.com/Xantonozar/ozly.git/actions/secrets/public-key 404
[debug] [2024-11-09T02:17:31.913Z] <<< [apiv2][body] GET https://api.github.com/repos/https://github.com/Xantonozar/ozly.git/actions/secrets/public-key {"message":"Not Found","documentation_url":"https://docs.github.com/rest","status":"404"}
[info] 
[info] 
[error] !  The provided authorization cannot be used with this repository. If this repository is in an organization, did you remember to grant access? 
[info] 
[info] i  Action required: Visit this URL to ensure access has been granted to the appropriate organization(s) for the Firebase CLI GitHub OAuth App: 
[info] https://github.com/settings/connections/applications/89cf50f02ac6aaed3484
[info] 
[debug] [2024-11-09T02:17:41.606Z] >>> [apiv2][query] GET https://api.github.com/repos/https://github.com/Xantonozar/ozly.git/actions/secrets/public-key type=owner
[debug] [2024-11-09T02:17:42.159Z] <<< [apiv2][status] GET https://api.github.com/repos/https://github.com/Xantonozar/ozly.git/actions/secrets/public-key 404
[debug] [2024-11-09T02:17:42.160Z] <<< [apiv2][body] GET https://api.github.com/repos/https://github.com/Xantonozar/ozly.git/actions/secrets/public-key {"message":"Not Found","documentation_url":"https://docs.github.com/rest","status":"404"}
[info] 
[info] 
[error] !  The provided authorization cannot be used with this repository. If this repository is in an organization, did you remember to grant access? 
[info] 
[info] i  Action required: Visit this URL to ensure access has been granted to the appropriate organization(s) for the Firebase CLI GitHub OAuth App: 
[info] https://github.com/settings/connections/applications/89cf50f02ac6aaed3484
[info] 
